<?xml version="1.0" encoding="UTF-8"?>
<testsuite name="cleanTest.ItemTestParametrized" tests="5" skipped="0" failures="0" errors="0" timestamp="2022-10-09T23:19:18" hostname="DESKTOP-OC7QOHJ" time="22.543">
  <properties/>
  <testcase name="[1] NewItemDTSW1" classname="cleanTest.ItemTestParametrized" time="7.185"/>
  <testcase name="[2] NewItemDTSW2" classname="cleanTest.ItemTestParametrized" time="4.055"/>
  <testcase name="[3] NewItemDTSW3" classname="cleanTest.ItemTestParametrized" time="3.752"/>
  <testcase name="[4] NewItemDTSW4" classname="cleanTest.ItemTestParametrized" time="3.743"/>
  <testcase name="[5] NewItemDTSW5" classname="cleanTest.ItemTestParametrized" time="3.804"/>
  <system-out><![CDATA[Request method:	POST
Request URI:	https://todo.ly/api/items.json
Proxy:			<none>
Request params:	<none>
Query params:	<none>
Form params:	<none>
Path params:	<none>
Headers:		Authorization=Basic aHVudGVyMUBnbWFpbC5jb206ZGlwbG8xMjM=
				Accept=*/*
				Content-Type=text/plain; charset=ISO-8859-1
Cookies:		<none>
Multiparts:		<none>
Body:
{"Content":"NewItemDTSW1"}
HTTP/1.1 200 OK
Cache-Control: no-cache, no-store, must-revalidate
Pragma: no-cache
Content-Type: application/json; charset=utf-8
Expires: -1
Server: Microsoft-IIS/8.0
Set-Cookie: ASP.NET_SessionId=wq2yrfegizmgjl2gpsqy03rb; path=/; HttpOnly; SameSite=Lax
X-AspNetMvc-Version: 2.0
X-AspNet-Version: 4.0.30319
X-Powered-By: ASP.NET
Date: Sun, 09 Oct 2022 23:19:08 GMT
Content-Length: 533

{
    "Id": 11065314,
    "Content": "NewItemDTSW1",
    "ItemType": 1,
    "Checked": false,
    "ProjectId": null,
    "ParentId": null,
    "Path": "",
    "Collapsed": false,
    "DateString": null,
    "DateStringPriority": 0,
    "DueDate": "",
    "Recurrence": null,
    "ItemOrder": null,
    "Priority": 4,
    "LastSyncedDateTime": "/Date(1665357548420)/",
    "Children": [
        
    ],
    "DueDateTime": null,
    "CreatedDate": "/Date(1665357548390)/",
    "LastCheckedDate": null,
    "LastUpdatedDate": "/Date(1665357548390)/",
    "Deleted": false,
    "Notes": "",
    "InHistory": false,
    "SyncClientCreationId": null,
    "DueTimeSpecified": true,
    "OwnerId": 705620
}
Request method:	PUT
Request URI:	https://todo.ly/api/items/11065314.json
Proxy:			<none>
Request params:	<none>
Query params:	<none>
Form params:	<none>
Path params:	<none>
Headers:		Authorization=Basic aHVudGVyMUBnbWFpbC5jb206ZGlwbG8xMjM=
				Accept=*/*
				Content-Type=text/plain; charset=ISO-8859-1
Cookies:		<none>
Multiparts:		<none>
Body:
{"Content":"CatoUpdated2022"}
HTTP/1.1 200 OK
Cache-Control: no-cache, no-store, must-revalidate
Pragma: no-cache
Content-Type: application/json; charset=utf-8
Expires: -1
Server: Microsoft-IIS/8.0
Set-Cookie: ASP.NET_SessionId=4sehr1awx54b0zcttnhacxbi; path=/; HttpOnly; SameSite=Lax
X-AspNetMvc-Version: 2.0
X-AspNet-Version: 4.0.30319
X-Powered-By: ASP.NET
Date: Sun, 09 Oct 2022 23:19:10 GMT
Content-Length: 536

{
    "Id": 11065314,
    "Content": "CatoUpdated2022",
    "ItemType": 1,
    "Checked": false,
    "ProjectId": null,
    "ParentId": null,
    "Path": "",
    "Collapsed": false,
    "DateString": null,
    "DateStringPriority": 0,
    "DueDate": "",
    "Recurrence": null,
    "ItemOrder": null,
    "Priority": 4,
    "LastSyncedDateTime": "/Date(1665357550791)/",
    "Children": [
        
    ],
    "DueDateTime": null,
    "CreatedDate": "/Date(1665357548390)/",
    "LastCheckedDate": null,
    "LastUpdatedDate": "/Date(1665357550760)/",
    "Deleted": false,
    "Notes": "",
    "InHistory": false,
    "SyncClientCreationId": null,
    "DueTimeSpecified": true,
    "OwnerId": 705620
}
Request method:	GET
Request URI:	https://todo.ly/api/items/11065314.json
Proxy:			<none>
Request params:	<none>
Query params:	<none>
Form params:	<none>
Path params:	<none>
Headers:		Authorization=Basic aHVudGVyMUBnbWFpbC5jb206ZGlwbG8xMjM=
				Accept=*/*
Cookies:		<none>
Multiparts:		<none>
Body:			<none>
HTTP/1.1 200 OK
Cache-Control: no-cache, no-store, must-revalidate
Pragma: no-cache
Content-Type: application/json; charset=utf-8
Expires: -1
Server: Microsoft-IIS/8.0
Set-Cookie: ASP.NET_SessionId=p5qkma0twnieh4a1zyivad1f; path=/; HttpOnly; SameSite=Lax
X-AspNetMvc-Version: 2.0
X-AspNet-Version: 4.0.30319
X-Powered-By: ASP.NET
Date: Sun, 09 Oct 2022 23:19:11 GMT
Content-Length: 536

{
    "Id": 11065314,
    "Content": "CatoUpdated2022",
    "ItemType": 1,
    "Checked": false,
    "ProjectId": null,
    "ParentId": null,
    "Path": "",
    "Collapsed": false,
    "DateString": null,
    "DateStringPriority": 0,
    "DueDate": "",
    "Recurrence": null,
    "ItemOrder": null,
    "Priority": 4,
    "LastSyncedDateTime": "/Date(1665357551992)/",
    "Children": [
        
    ],
    "DueDateTime": null,
    "CreatedDate": "/Date(1665357548390)/",
    "LastCheckedDate": null,
    "LastUpdatedDate": "/Date(1665357550760)/",
    "Deleted": false,
    "Notes": "",
    "InHistory": false,
    "SyncClientCreationId": null,
    "DueTimeSpecified": true,
    "OwnerId": 705620
}
Request method:	POST
Request URI:	https://todo.ly/api/items.json
Proxy:			<none>
Request params:	<none>
Query params:	<none>
Form params:	<none>
Path params:	<none>
Headers:		Authorization=Basic aHVudGVyMUBnbWFpbC5jb206ZGlwbG8xMjM=
				Accept=*/*
				Content-Type=text/plain; charset=ISO-8859-1
Cookies:		<none>
Multiparts:		<none>
Body:
{"Content":"NewItemDTSW2"}
HTTP/1.1 200 OK
Cache-Control: no-cache, no-store, must-revalidate
Pragma: no-cache
Content-Type: application/json; charset=utf-8
Expires: -1
Server: Microsoft-IIS/8.0
Set-Cookie: ASP.NET_SessionId=p4hrbwzz31kgfy5mztczvnq2; path=/; HttpOnly; SameSite=Lax
X-AspNetMvc-Version: 2.0
X-AspNet-Version: 4.0.30319
X-Powered-By: ASP.NET
Date: Sun, 09 Oct 2022 23:19:13 GMT
Content-Length: 533

{
    "Id": 11065315,
    "Content": "NewItemDTSW2",
    "ItemType": 1,
    "Checked": false,
    "ProjectId": null,
    "ParentId": null,
    "Path": "",
    "Collapsed": false,
    "DateString": null,
    "DateStringPriority": 0,
    "DueDate": "",
    "Recurrence": null,
    "ItemOrder": null,
    "Priority": 4,
    "LastSyncedDateTime": "/Date(1665357553443)/",
    "Children": [
        
    ],
    "DueDateTime": null,
    "CreatedDate": "/Date(1665357553413)/",
    "LastCheckedDate": null,
    "LastUpdatedDate": "/Date(1665357553413)/",
    "Deleted": false,
    "Notes": "",
    "InHistory": false,
    "SyncClientCreationId": null,
    "DueTimeSpecified": true,
    "OwnerId": 705620
}
Request method:	PUT
Request URI:	https://todo.ly/api/items/11065315.json
Proxy:			<none>
Request params:	<none>
Query params:	<none>
Form params:	<none>
Path params:	<none>
Headers:		Authorization=Basic aHVudGVyMUBnbWFpbC5jb206ZGlwbG8xMjM=
				Accept=*/*
				Content-Type=text/plain; charset=ISO-8859-1
Cookies:		<none>
Multiparts:		<none>
Body:
{"Content":"CatoUpdated2022"}
HTTP/1.1 200 OK
Cache-Control: no-cache, no-store, must-revalidate
Pragma: no-cache
Content-Type: application/json; charset=utf-8
Expires: -1
Server: Microsoft-IIS/8.0
Set-Cookie: ASP.NET_SessionId=al5bwlauj0z4c0q01dbea0do; path=/; HttpOnly; SameSite=Lax
X-AspNetMvc-Version: 2.0
X-AspNet-Version: 4.0.30319
X-Powered-By: ASP.NET
Date: Sun, 09 Oct 2022 23:19:14 GMT
Content-Length: 536

{
    "Id": 11065315,
    "Content": "CatoUpdated2022",
    "ItemType": 1,
    "Checked": false,
    "ProjectId": null,
    "ParentId": null,
    "Path": "",
    "Collapsed": false,
    "DateString": null,
    "DateStringPriority": 0,
    "DueDate": "",
    "Recurrence": null,
    "ItemOrder": null,
    "Priority": 4,
    "LastSyncedDateTime": "/Date(1665357554722)/",
    "Children": [
        
    ],
    "DueDateTime": null,
    "CreatedDate": "/Date(1665357553413)/",
    "LastCheckedDate": null,
    "LastUpdatedDate": "/Date(1665357554707)/",
    "Deleted": false,
    "Notes": "",
    "InHistory": false,
    "SyncClientCreationId": null,
    "DueTimeSpecified": true,
    "OwnerId": 705620
}
Request method:	GET
Request URI:	https://todo.ly/api/items/11065315.json
Proxy:			<none>
Request params:	<none>
Query params:	<none>
Form params:	<none>
Path params:	<none>
Headers:		Authorization=Basic aHVudGVyMUBnbWFpbC5jb206ZGlwbG8xMjM=
				Accept=*/*
Cookies:		<none>
Multiparts:		<none>
Body:			<none>
HTTP/1.1 200 OK
Cache-Control: no-cache, no-store, must-revalidate
Pragma: no-cache
Content-Type: application/json; charset=utf-8
Expires: -1
Server: Microsoft-IIS/8.0
Set-Cookie: ASP.NET_SessionId=bpaubxt22tlp41yvmi2wwi31; path=/; HttpOnly; SameSite=Lax
X-AspNetMvc-Version: 2.0
X-AspNet-Version: 4.0.30319
X-Powered-By: ASP.NET
Date: Sun, 09 Oct 2022 23:19:16 GMT
Content-Length: 536

{
    "Id": 11065315,
    "Content": "CatoUpdated2022",
    "ItemType": 1,
    "Checked": false,
    "ProjectId": null,
    "ParentId": null,
    "Path": "",
    "Collapsed": false,
    "DateString": null,
    "DateStringPriority": 0,
    "DueDate": "",
    "Recurrence": null,
    "ItemOrder": null,
    "Priority": 4,
    "LastSyncedDateTime": "/Date(1665357556080)/",
    "Children": [
        
    ],
    "DueDateTime": null,
    "CreatedDate": "/Date(1665357553413)/",
    "LastCheckedDate": null,
    "LastUpdatedDate": "/Date(1665357554707)/",
    "Deleted": false,
    "Notes": "",
    "InHistory": false,
    "SyncClientCreationId": null,
    "DueTimeSpecified": true,
    "OwnerId": 705620
}
Request method:	POST
Request URI:	https://todo.ly/api/items.json
Proxy:			<none>
Request params:	<none>
Query params:	<none>
Form params:	<none>
Path params:	<none>
Headers:		Authorization=Basic aHVudGVyMUBnbWFpbC5jb206ZGlwbG8xMjM=
				Accept=*/*
				Content-Type=text/plain; charset=ISO-8859-1
Cookies:		<none>
Multiparts:		<none>
Body:
{"Content":"NewItemDTSW3"}
HTTP/1.1 200 OK
Cache-Control: no-cache, no-store, must-revalidate
Pragma: no-cache
Content-Type: application/json; charset=utf-8
Expires: -1
Server: Microsoft-IIS/8.0
Set-Cookie: ASP.NET_SessionId=2uyjkyzblmpb2rkyxtota4qk; path=/; HttpOnly; SameSite=Lax
X-AspNetMvc-Version: 2.0
X-AspNet-Version: 4.0.30319
X-Powered-By: ASP.NET
Date: Sun, 09 Oct 2022 23:19:17 GMT
Content-Length: 533

{
    "Id": 11065316,
    "Content": "NewItemDTSW3",
    "ItemType": 1,
    "Checked": false,
    "ProjectId": null,
    "ParentId": null,
    "Path": "",
    "Collapsed": false,
    "DateString": null,
    "DateStringPriority": 0,
    "DueDate": "",
    "Recurrence": null,
    "ItemOrder": null,
    "Priority": 4,
    "LastSyncedDateTime": "/Date(1665357557265)/",
    "Children": [
        
    ],
    "DueDateTime": null,
    "CreatedDate": "/Date(1665357557233)/",
    "LastCheckedDate": null,
    "LastUpdatedDate": "/Date(1665357557233)/",
    "Deleted": false,
    "Notes": "",
    "InHistory": false,
    "SyncClientCreationId": null,
    "DueTimeSpecified": true,
    "OwnerId": 705620
}
Request method:	PUT
Request URI:	https://todo.ly/api/items/11065316.json
Proxy:			<none>
Request params:	<none>
Query params:	<none>
Form params:	<none>
Path params:	<none>
Headers:		Authorization=Basic aHVudGVyMUBnbWFpbC5jb206ZGlwbG8xMjM=
				Accept=*/*
				Content-Type=text/plain; charset=ISO-8859-1
Cookies:		<none>
Multiparts:		<none>
Body:
{"Content":"CatoUpdated2022"}
HTTP/1.1 200 OK
Cache-Control: no-cache, no-store, must-revalidate
Pragma: no-cache
Content-Type: application/json; charset=utf-8
Expires: -1
Server: Microsoft-IIS/8.0
Set-Cookie: ASP.NET_SessionId=ouekbg1zizq1aawtc0g44al3; path=/; HttpOnly; SameSite=Lax
X-AspNetMvc-Version: 2.0
X-AspNet-Version: 4.0.30319
X-Powered-By: ASP.NET
Date: Sun, 09 Oct 2022 23:19:18 GMT
Content-Length: 536

{
    "Id": 11065316,
    "Content": "CatoUpdated2022",
    "ItemType": 1,
    "Checked": false,
    "ProjectId": null,
    "ParentId": null,
    "Path": "",
    "Collapsed": false,
    "DateString": null,
    "DateStringPriority": 0,
    "DueDate": "",
    "Recurrence": null,
    "ItemOrder": null,
    "Priority": 4,
    "LastSyncedDateTime": "/Date(1665357558404)/",
    "Children": [
        
    ],
    "DueDateTime": null,
    "CreatedDate": "/Date(1665357557233)/",
    "LastCheckedDate": null,
    "LastUpdatedDate": "/Date(1665357558390)/",
    "Deleted": false,
    "Notes": "",
    "InHistory": false,
    "SyncClientCreationId": null,
    "DueTimeSpecified": true,
    "OwnerId": 705620
}
Request method:	GET
Request URI:	https://todo.ly/api/items/11065316.json
Proxy:			<none>
Request params:	<none>
Query params:	<none>
Form params:	<none>
Path params:	<none>
Headers:		Authorization=Basic aHVudGVyMUBnbWFpbC5jb206ZGlwbG8xMjM=
				Accept=*/*
Cookies:		<none>
Multiparts:		<none>
Body:			<none>
HTTP/1.1 200 OK
Cache-Control: no-cache, no-store, must-revalidate
Pragma: no-cache
Content-Type: application/json; charset=utf-8
Expires: -1
Server: Microsoft-IIS/8.0
Set-Cookie: ASP.NET_SessionId=unmhdbeaznefftwklmulox0u; path=/; HttpOnly; SameSite=Lax
X-AspNetMvc-Version: 2.0
X-AspNet-Version: 4.0.30319
X-Powered-By: ASP.NET
Date: Sun, 09 Oct 2022 23:19:19 GMT
Content-Length: 536

{
    "Id": 11065316,
    "Content": "CatoUpdated2022",
    "ItemType": 1,
    "Checked": false,
    "ProjectId": null,
    "ParentId": null,
    "Path": "",
    "Collapsed": false,
    "DateString": null,
    "DateStringPriority": 0,
    "DueDate": "",
    "Recurrence": null,
    "ItemOrder": null,
    "Priority": 4,
    "LastSyncedDateTime": "/Date(1665357559792)/",
    "Children": [
        
    ],
    "DueDateTime": null,
    "CreatedDate": "/Date(1665357557233)/",
    "LastCheckedDate": null,
    "LastUpdatedDate": "/Date(1665357558390)/",
    "Deleted": false,
    "Notes": "",
    "InHistory": false,
    "SyncClientCreationId": null,
    "DueTimeSpecified": true,
    "OwnerId": 705620
}
Request method:	POST
Request URI:	https://todo.ly/api/items.json
Proxy:			<none>
Request params:	<none>
Query params:	<none>
Form params:	<none>
Path params:	<none>
Headers:		Authorization=Basic aHVudGVyMUBnbWFpbC5jb206ZGlwbG8xMjM=
				Accept=*/*
				Content-Type=text/plain; charset=ISO-8859-1
Cookies:		<none>
Multiparts:		<none>
Body:
{"Content":"NewItemDTSW4"}
HTTP/1.1 200 OK
Cache-Control: no-cache, no-store, must-revalidate
Pragma: no-cache
Content-Type: application/json; charset=utf-8
Expires: -1
Server: Microsoft-IIS/8.0
Set-Cookie: ASP.NET_SessionId=0s3exwd5o0apknwu45khdlby; path=/; HttpOnly; SameSite=Lax
X-AspNetMvc-Version: 2.0
X-AspNet-Version: 4.0.30319
X-Powered-By: ASP.NET
Date: Sun, 09 Oct 2022 23:19:21 GMT
Content-Length: 533

{
    "Id": 11065317,
    "Content": "NewItemDTSW4",
    "ItemType": 1,
    "Checked": false,
    "ProjectId": null,
    "ParentId": null,
    "Path": "",
    "Collapsed": false,
    "DateString": null,
    "DateStringPriority": 0,
    "DueDate": "",
    "Recurrence": null,
    "ItemOrder": null,
    "Priority": 4,
    "LastSyncedDateTime": "/Date(1665357561165)/",
    "Children": [
        
    ],
    "DueDateTime": null,
    "CreatedDate": "/Date(1665357561150)/",
    "LastCheckedDate": null,
    "LastUpdatedDate": "/Date(1665357561150)/",
    "Deleted": false,
    "Notes": "",
    "InHistory": false,
    "SyncClientCreationId": null,
    "DueTimeSpecified": true,
    "OwnerId": 705620
}
Request method:	PUT
Request URI:	https://todo.ly/api/items/11065317.json
Proxy:			<none>
Request params:	<none>
Query params:	<none>
Form params:	<none>
Path params:	<none>
Headers:		Authorization=Basic aHVudGVyMUBnbWFpbC5jb206ZGlwbG8xMjM=
				Accept=*/*
				Content-Type=text/plain; charset=ISO-8859-1
Cookies:		<none>
Multiparts:		<none>
Body:
{"Content":"CatoUpdated2022"}
HTTP/1.1 200 OK
Cache-Control: no-cache, no-store, must-revalidate
Pragma: no-cache
Content-Type: application/json; charset=utf-8
Expires: -1
Server: Microsoft-IIS/8.0
Set-Cookie: ASP.NET_SessionId=jjlyb4usiesweynm2ncekcc1; path=/; HttpOnly; SameSite=Lax
X-AspNetMvc-Version: 2.0
X-AspNet-Version: 4.0.30319
X-Powered-By: ASP.NET
Date: Sun, 09 Oct 2022 23:19:22 GMT
Content-Length: 536

{
    "Id": 11065317,
    "Content": "CatoUpdated2022",
    "ItemType": 1,
    "Checked": false,
    "ProjectId": null,
    "ParentId": null,
    "Path": "",
    "Collapsed": false,
    "DateString": null,
    "DateStringPriority": 0,
    "DueDate": "",
    "Recurrence": null,
    "ItemOrder": null,
    "Priority": 4,
    "LastSyncedDateTime": "/Date(1665357562397)/",
    "Children": [
        
    ],
    "DueDateTime": null,
    "CreatedDate": "/Date(1665357561150)/",
    "LastCheckedDate": null,
    "LastUpdatedDate": "/Date(1665357562383)/",
    "Deleted": false,
    "Notes": "",
    "InHistory": false,
    "SyncClientCreationId": null,
    "DueTimeSpecified": true,
    "OwnerId": 705620
}
Request method:	GET
Request URI:	https://todo.ly/api/items/11065317.json
Proxy:			<none>
Request params:	<none>
Query params:	<none>
Form params:	<none>
Path params:	<none>
Headers:		Authorization=Basic aHVudGVyMUBnbWFpbC5jb206ZGlwbG8xMjM=
				Accept=*/*
Cookies:		<none>
Multiparts:		<none>
Body:			<none>
HTTP/1.1 200 OK
Cache-Control: no-cache, no-store, must-revalidate
Pragma: no-cache
Content-Type: application/json; charset=utf-8
Expires: -1
Server: Microsoft-IIS/8.0
Set-Cookie: ASP.NET_SessionId=4sf3zoimh05gngl5dvzszayc; path=/; HttpOnly; SameSite=Lax
X-AspNetMvc-Version: 2.0
X-AspNet-Version: 4.0.30319
X-Powered-By: ASP.NET
Date: Sun, 09 Oct 2022 23:19:23 GMT
Content-Length: 536

{
    "Id": 11065317,
    "Content": "CatoUpdated2022",
    "ItemType": 1,
    "Checked": false,
    "ProjectId": null,
    "ParentId": null,
    "Path": "",
    "Collapsed": false,
    "DateString": null,
    "DateStringPriority": 0,
    "DueDate": "",
    "Recurrence": null,
    "ItemOrder": null,
    "Priority": 4,
    "LastSyncedDateTime": "/Date(1665357563552)/",
    "Children": [
        
    ],
    "DueDateTime": null,
    "CreatedDate": "/Date(1665357561150)/",
    "LastCheckedDate": null,
    "LastUpdatedDate": "/Date(1665357562383)/",
    "Deleted": false,
    "Notes": "",
    "InHistory": false,
    "SyncClientCreationId": null,
    "DueTimeSpecified": true,
    "OwnerId": 705620
}
Request method:	POST
Request URI:	https://todo.ly/api/items.json
Proxy:			<none>
Request params:	<none>
Query params:	<none>
Form params:	<none>
Path params:	<none>
Headers:		Authorization=Basic aHVudGVyMUBnbWFpbC5jb206ZGlwbG8xMjM=
				Accept=*/*
				Content-Type=text/plain; charset=ISO-8859-1
Cookies:		<none>
Multiparts:		<none>
Body:
{"Content":"NewItemDTSW5"}
HTTP/1.1 200 OK
Cache-Control: no-cache, no-store, must-revalidate
Pragma: no-cache
Content-Type: application/json; charset=utf-8
Expires: -1
Server: Microsoft-IIS/8.0
Set-Cookie: ASP.NET_SessionId=ek4tqvelsbkhrso1tudgpiru; path=/; HttpOnly; SameSite=Lax
X-AspNetMvc-Version: 2.0
X-AspNet-Version: 4.0.30319
X-Powered-By: ASP.NET
Date: Sun, 09 Oct 2022 23:19:24 GMT
Content-Length: 533

{
    "Id": 11065318,
    "Content": "NewItemDTSW5",
    "ItemType": 1,
    "Checked": false,
    "ProjectId": null,
    "ParentId": null,
    "Path": "",
    "Collapsed": false,
    "DateString": null,
    "DateStringPriority": 0,
    "DueDate": "",
    "Recurrence": null,
    "ItemOrder": null,
    "Priority": 4,
    "LastSyncedDateTime": "/Date(1665357564831)/",
    "Children": [
        
    ],
    "DueDateTime": null,
    "CreatedDate": "/Date(1665357564817)/",
    "LastCheckedDate": null,
    "LastUpdatedDate": "/Date(1665357564817)/",
    "Deleted": false,
    "Notes": "",
    "InHistory": false,
    "SyncClientCreationId": null,
    "DueTimeSpecified": true,
    "OwnerId": 705620
}
Request method:	PUT
Request URI:	https://todo.ly/api/items/11065318.json
Proxy:			<none>
Request params:	<none>
Query params:	<none>
Form params:	<none>
Path params:	<none>
Headers:		Authorization=Basic aHVudGVyMUBnbWFpbC5jb206ZGlwbG8xMjM=
				Accept=*/*
				Content-Type=text/plain; charset=ISO-8859-1
Cookies:		<none>
Multiparts:		<none>
Body:
{"Content":"CatoUpdated2022"}
HTTP/1.1 200 OK
Cache-Control: no-cache, no-store, must-revalidate
Pragma: no-cache
Content-Type: application/json; charset=utf-8
Expires: -1
Server: Microsoft-IIS/8.0
Set-Cookie: ASP.NET_SessionId=po0vwqeuh1so0gpyensuw3kl; path=/; HttpOnly; SameSite=Lax
X-AspNetMvc-Version: 2.0
X-AspNet-Version: 4.0.30319
X-Powered-By: ASP.NET
Date: Sun, 09 Oct 2022 23:19:26 GMT
Content-Length: 536

{
    "Id": 11065318,
    "Content": "CatoUpdated2022",
    "ItemType": 1,
    "Checked": false,
    "ProjectId": null,
    "ParentId": null,
    "Path": "",
    "Collapsed": false,
    "DateString": null,
    "DateStringPriority": 0,
    "DueDate": "",
    "Recurrence": null,
    "ItemOrder": null,
    "Priority": 4,
    "LastSyncedDateTime": "/Date(1665357566110)/",
    "Children": [
        
    ],
    "DueDateTime": null,
    "CreatedDate": "/Date(1665357564817)/",
    "LastCheckedDate": null,
    "LastUpdatedDate": "/Date(1665357566080)/",
    "Deleted": false,
    "Notes": "",
    "InHistory": false,
    "SyncClientCreationId": null,
    "DueTimeSpecified": true,
    "OwnerId": 705620
}
Request method:	GET
Request URI:	https://todo.ly/api/items/11065318.json
Proxy:			<none>
Request params:	<none>
Query params:	<none>
Form params:	<none>
Path params:	<none>
Headers:		Authorization=Basic aHVudGVyMUBnbWFpbC5jb206ZGlwbG8xMjM=
				Accept=*/*
Cookies:		<none>
Multiparts:		<none>
Body:			<none>
HTTP/1.1 200 OK
Cache-Control: no-cache, no-store, must-revalidate
Pragma: no-cache
Content-Type: application/json; charset=utf-8
Expires: -1
Server: Microsoft-IIS/8.0
Set-Cookie: ASP.NET_SessionId=qjyqulpepzel31ofiytv5zkk; path=/; HttpOnly; SameSite=Lax
X-AspNetMvc-Version: 2.0
X-AspNet-Version: 4.0.30319
X-Powered-By: ASP.NET
Date: Sun, 09 Oct 2022 23:19:27 GMT
Content-Length: 536

{
    "Id": 11065318,
    "Content": "CatoUpdated2022",
    "ItemType": 1,
    "Checked": false,
    "ProjectId": null,
    "ParentId": null,
    "Path": "",
    "Collapsed": false,
    "DateString": null,
    "DateStringPriority": 0,
    "DueDate": "",
    "Recurrence": null,
    "ItemOrder": null,
    "Priority": 4,
    "LastSyncedDateTime": "/Date(1665357567358)/",
    "Children": [
        
    ],
    "DueDateTime": null,
    "CreatedDate": "/Date(1665357564817)/",
    "LastCheckedDate": null,
    "LastUpdatedDate": "/Date(1665357566080)/",
    "Deleted": false,
    "Notes": "",
    "InHistory": false,
    "SyncClientCreationId": null,
    "DueTimeSpecified": true,
    "OwnerId": 705620
}
]]></system-out>
  <system-err><![CDATA[]]></system-err>
</testsuite>
